19-09-24 21:22:33.116 [[33mmain[0;39m] [34mINFO   [0;39m [32mnet.ghj.journalApp.JournalAppApplication[0;39m : Starting JournalAppApplication using Java 22.0.1 with PID 10624 (D:\springboot_projects\journalApp\target\classes started by golak in D:\springboot_projects\journalApp)
19-09-24 21:22:33.122 [[33mmain[0;39m] [34mINFO   [0;39m [32mnet.ghj.journalApp.JournalAppApplication[0;39m : The following 1 profile is active: "dev"
19-09-24 21:22:36.315 [[33mmain[0;39m] [34mINFO   [0;39m [32mo.s.d.r.c.RepositoryConfigurationDelegate[0;39m : Bootstrapping Spring Data MongoDB repositories in DEFAULT mode.
19-09-24 21:22:36.580 [[33mmain[0;39m] [34mINFO   [0;39m [32mo.s.d.r.c.RepositoryConfigurationDelegate[0;39m : Finished Spring Data repository scanning in 245 ms. Found 2 MongoDB repository interfaces.
19-09-24 21:22:38.206 [[33mmain[0;39m] [34mINFO   [0;39m [32mo.s.boot.web.embedded.tomcat.TomcatWebServer[0;39m : Tomcat initialized with port 9611 (http)
19-09-24 21:22:38.237 [[33mmain[0;39m] [34mINFO   [0;39m [32morg.apache.coyote.http11.Http11NioProtocol[0;39m : Initializing ProtocolHandler ["http-nio-9611"]
19-09-24 21:22:38.247 [[33mmain[0;39m] [34mINFO   [0;39m [32morg.apache.catalina.core.StandardService[0;39m : Starting service [Tomcat]
19-09-24 21:22:38.248 [[33mmain[0;39m] [34mINFO   [0;39m [32morg.apache.catalina.core.StandardEngine[0;39m : Starting Servlet engine: [Apache Tomcat/10.1.28]
19-09-24 21:22:38.384 [[33mmain[0;39m] [34mINFO   [0;39m [32mo.a.c.c.C.[Tomcat].[localhost].[/dev][0;39m : Initializing Spring embedded WebApplicationContext
19-09-24 21:22:38.385 [[33mmain[0;39m] [34mINFO   [0;39m [32mo.s.b.w.s.c.ServletWebServerApplicationContext[0;39m : Root WebApplicationContext: initialization completed in 5078 ms
19-09-24 21:22:39.298 [[33mmain[0;39m] [34mINFO   [0;39m [32morg.mongodb.driver.client[0;39m : MongoClient with metadata {"application": {"name": "Cluster0"}, "driver": {"name": "mongo-java-driver|sync|spring-boot", "version": "5.0.1"}, "os": {"type": "Windows", "name": "Windows 10", "architecture": "amd64", "version": "10.0"}, "platform": "Java/Oracle Corporation/22.0.1+8-16"} created with settings MongoClientSettings{readPreference=primary, writeConcern=WriteConcern{w=majority, wTimeout=null ms, journal=null}, retryWrites=true, retryReads=true, readConcern=ReadConcern{level=null}, credential=MongoCredential{mechanism=null, userName='golakiyahit1', source='admin', password=<hidden>, mechanismProperties=<hidden>}, transportSettings=null, commandListeners=[], codecRegistry=ProvidersCodecRegistry{codecProviders=[ValueCodecProvider{}, BsonValueCodecProvider{}, DBRefCodecProvider{}, DBObjectCodecProvider{}, DocumentCodecProvider{}, CollectionCodecProvider{}, IterableCodecProvider{}, MapCodecProvider{}, GeoJsonCodecProvider{}, GridFSFileCodecProvider{}, Jsr310CodecProvider{}, JsonObjectCodecProvider{}, BsonCodecProvider{}, EnumCodecProvider{}, com.mongodb.client.model.mql.ExpressionCodecProvider@2401856, com.mongodb.Jep395RecordCodecProvider@6d6f6860, com.mongodb.KotlinCodecProvider@2a4f8009]}, loggerSettings=LoggerSettings{maxDocumentLength=1000}, clusterSettings={hosts=[127.0.0.1:27017], srvHost=cluster0.byfm5.mongodb.net, srvServiceName=mongodb, mode=MULTIPLE, requiredClusterType=REPLICA_SET, requiredReplicaSetName='atlas-mcsf57-shard-0', serverSelector='null', clusterListeners='[]', serverSelectionTimeout='30000 ms', localThreshold='15 ms'}, socketSettings=SocketSettings{connectTimeoutMS=10000, readTimeoutMS=0, receiveBufferSize=0, proxySettings=ProxySettings{host=null, port=null, username=null, password=null}}, heartbeatSocketSettings=SocketSettings{connectTimeoutMS=10000, readTimeoutMS=10000, receiveBufferSize=0, proxySettings=ProxySettings{host=null, port=null, username=null, password=null}}, connectionPoolSettings=ConnectionPoolSettings{maxSize=100, minSize=0, maxWaitTimeMS=120000, maxConnectionLifeTimeMS=0, maxConnectionIdleTimeMS=0, maintenanceInitialDelayMS=0, maintenanceFrequencyMS=60000, connectionPoolListeners=[], maxConnecting=2}, serverSettings=ServerSettings{heartbeatFrequencyMS=10000, minHeartbeatFrequencyMS=500, serverListeners='[]', serverMonitorListeners='[]'}, sslSettings=SslSettings{enabled=true, invalidHostNameAllowed=false, context=null}, applicationName='Cluster0', compressorList=[], uuidRepresentation=JAVA_LEGACY, serverApi=null, autoEncryptionSettings=null, dnsClient=null, inetAddressResolver=null, contextProvider=null}
19-09-24 21:22:39.341 [[33mcluster-ClusterId{value='66ec48c7ba36141c17402192', description='Cluster0'}-srv-cluster0.byfm5.mongodb.net[0;39m] [34mINFO   [0;39m [32morg.mongodb.driver.cluster[0;39m : Adding discovered server cluster0-shard-00-00.byfm5.mongodb.net:27017 to client view of cluster
19-09-24 21:22:39.419 [[33mcluster-ClusterId{value='66ec48c7ba36141c17402192', description='Cluster0'}-srv-cluster0.byfm5.mongodb.net[0;39m] [34mINFO   [0;39m [32morg.mongodb.driver.cluster[0;39m : Adding discovered server cluster0-shard-00-02.byfm5.mongodb.net:27017 to client view of cluster
19-09-24 21:22:39.428 [[33mcluster-ClusterId{value='66ec48c7ba36141c17402192', description='Cluster0'}-srv-cluster0.byfm5.mongodb.net[0;39m] [34mINFO   [0;39m [32morg.mongodb.driver.cluster[0;39m : Adding discovered server cluster0-shard-00-01.byfm5.mongodb.net:27017 to client view of cluster
19-09-24 21:22:40.658 [[33mmain[0;39m] [34mINFO   [0;39m [32morg.mongodb.driver.cluster[0;39m : Waiting for server to become available for operation with ID 1. Remaining time: 30000 ms. Selector: WritableServerSelector, topology description: {type=REPLICA_SET, servers=[{address=cluster0-shard-00-02.byfm5.mongodb.net:27017, type=UNKNOWN, state=CONNECTING}, {address=cluster0-shard-00-00.byfm5.mongodb.net:27017, type=UNKNOWN, state=CONNECTING}, {address=cluster0-shard-00-01.byfm5.mongodb.net:27017, type=UNKNOWN, state=CONNECTING}].
19-09-24 21:22:40.901 [[33mcluster-ClusterId{value='66ec48c7ba36141c17402192', description='Cluster0'}-cluster0-shard-00-00.byfm5.mongodb.net:27017[0;39m] [34mINFO   [0;39m [32morg.mongodb.driver.cluster[0;39m : Exception in monitor thread while connecting to server cluster0-shard-00-00.byfm5.mongodb.net:27017
com.mongodb.MongoSocketWriteException: Exception sending message
	at com.mongodb.internal.connection.InternalStreamConnection.translateWriteException(InternalStreamConnection.java:691)
	at com.mongodb.internal.connection.InternalStreamConnection.sendMessage(InternalStreamConnection.java:564)
	at com.mongodb.internal.connection.InternalStreamConnection.sendCommandMessage(InternalStreamConnection.java:396)
	at com.mongodb.internal.connection.InternalStreamConnection.sendAndReceive(InternalStreamConnection.java:346)
	at com.mongodb.internal.connection.CommandHelper.sendAndReceive(CommandHelper.java:92)
	at com.mongodb.internal.connection.CommandHelper.executeCommand(CommandHelper.java:48)
	at com.mongodb.internal.connection.InternalStreamConnectionInitializer.initializeConnectionDescription(InternalStreamConnectionInitializer.java:130)
	at com.mongodb.internal.connection.InternalStreamConnectionInitializer.startHandshake(InternalStreamConnectionInitializer.java:78)
	at com.mongodb.internal.connection.InternalStreamConnection.open(InternalStreamConnection.java:203)
	at com.mongodb.internal.connection.DefaultServerMonitor$ServerMonitorRunnable.lookupServerDescription(DefaultServerMonitor.java:193)
	at com.mongodb.internal.connection.DefaultServerMonitor$ServerMonitorRunnable.run(DefaultServerMonitor.java:153)
	at java.base/java.lang.Thread.run(Thread.java:1570)
Caused by: javax.net.ssl.SSLException: Received fatal alert: internal_error
	at java.base/sun.security.ssl.Alert.createSSLException(Alert.java:132)
	at java.base/sun.security.ssl.Alert.createSSLException(Alert.java:117)
	at java.base/sun.security.ssl.TransportContext.fatal(TransportContext.java:365)
	at java.base/sun.security.ssl.Alert$AlertConsumer.consume(Alert.java:287)
	at java.base/sun.security.ssl.TransportContext.dispatch(TransportContext.java:204)
	at java.base/sun.security.ssl.SSLTransport.decode(SSLTransport.java:172)
	at java.base/sun.security.ssl.SSLSocketImpl.decode(SSLSocketImpl.java:1507)
	at java.base/sun.security.ssl.SSLSocketImpl.readHandshakeRecord(SSLSocketImpl.java:1422)
	at java.base/sun.security.ssl.SSLSocketImpl.startHandshake(SSLSocketImpl.java:455)
	at java.base/sun.security.ssl.SSLSocketImpl.ensureNegotiated(SSLSocketImpl.java:924)
	at java.base/sun.security.ssl.SSLSocketImpl$AppOutputStream.write(SSLSocketImpl.java:1293)
	at com.mongodb.internal.connection.SocketStream.write(SocketStream.java:165)
	at com.mongodb.internal.connection.InternalStreamConnection.sendMessage(InternalStreamConnection.java:561)
	... 10 common frames omitted
19-09-24 21:22:40.942 [[33mcluster-ClusterId{value='66ec48c7ba36141c17402192', description='Cluster0'}-cluster0-shard-00-02.byfm5.mongodb.net:27017[0;39m] [34mINFO   [0;39m [32morg.mongodb.driver.cluster[0;39m : Exception in monitor thread while connecting to server cluster0-shard-00-02.byfm5.mongodb.net:27017
com.mongodb.MongoSocketWriteException: Exception sending message
	at com.mongodb.internal.connection.InternalStreamConnection.translateWriteException(InternalStreamConnection.java:691)
	at com.mongodb.internal.connection.InternalStreamConnection.sendMessage(InternalStreamConnection.java:564)
	at com.mongodb.internal.connection.InternalStreamConnection.sendCommandMessage(InternalStreamConnection.java:396)
	at com.mongodb.internal.connection.InternalStreamConnection.sendAndReceive(InternalStreamConnection.java:346)
	at com.mongodb.internal.connection.CommandHelper.sendAndReceive(CommandHelper.java:92)
	at com.mongodb.internal.connection.CommandHelper.executeCommand(CommandHelper.java:48)
	at com.mongodb.internal.connection.InternalStreamConnectionInitializer.initializeConnectionDescription(InternalStreamConnectionInitializer.java:130)
	at com.mongodb.internal.connection.InternalStreamConnectionInitializer.startHandshake(InternalStreamConnectionInitializer.java:78)
	at com.mongodb.internal.connection.InternalStreamConnection.open(InternalStreamConnection.java:203)
	at com.mongodb.internal.connection.DefaultServerMonitor$ServerMonitorRunnable.lookupServerDescription(DefaultServerMonitor.java:193)
	at com.mongodb.internal.connection.DefaultServerMonitor$ServerMonitorRunnable.run(DefaultServerMonitor.java:153)
	at java.base/java.lang.Thread.run(Thread.java:1570)
Caused by: javax.net.ssl.SSLException: Received fatal alert: internal_error
	at java.base/sun.security.ssl.Alert.createSSLException(Alert.java:132)
	at java.base/sun.security.ssl.Alert.createSSLException(Alert.java:117)
	at java.base/sun.security.ssl.TransportContext.fatal(TransportContext.java:365)
	at java.base/sun.security.ssl.Alert$AlertConsumer.consume(Alert.java:287)
	at java.base/sun.security.ssl.TransportContext.dispatch(TransportContext.java:204)
	at java.base/sun.security.ssl.SSLTransport.decode(SSLTransport.java:172)
	at java.base/sun.security.ssl.SSLSocketImpl.decode(SSLSocketImpl.java:1507)
	at java.base/sun.security.ssl.SSLSocketImpl.readHandshakeRecord(SSLSocketImpl.java:1422)
	at java.base/sun.security.ssl.SSLSocketImpl.startHandshake(SSLSocketImpl.java:455)
	at java.base/sun.security.ssl.SSLSocketImpl.ensureNegotiated(SSLSocketImpl.java:924)
	at java.base/sun.security.ssl.SSLSocketImpl$AppOutputStream.write(SSLSocketImpl.java:1293)
	at com.mongodb.internal.connection.SocketStream.write(SocketStream.java:165)
	at com.mongodb.internal.connection.InternalStreamConnection.sendMessage(InternalStreamConnection.java:561)
	... 10 common frames omitted
19-09-24 21:22:41.267 [[33mcluster-ClusterId{value='66ec48c7ba36141c17402192', description='Cluster0'}-cluster0-shard-00-01.byfm5.mongodb.net:27017[0;39m] [34mINFO   [0;39m [32morg.mongodb.driver.cluster[0;39m : Monitor thread successfully connected to server with description ServerDescription{address=cluster0-shard-00-01.byfm5.mongodb.net:27017, type=REPLICA_SET_PRIMARY, state=CONNECTED, ok=true, minWireVersion=0, maxWireVersion=21, maxDocumentSize=16777216, logicalSessionTimeoutMinutes=30, roundTripTimeNanos=649620100, setName='atlas-mcsf57-shard-0', canonicalAddress=cluster0-shard-00-01.byfm5.mongodb.net:27017, hosts=[cluster0-shard-00-02.byfm5.mongodb.net:27017, cluster0-shard-00-00.byfm5.mongodb.net:27017, cluster0-shard-00-01.byfm5.mongodb.net:27017], passives=[], arbiters=[], primary='cluster0-shard-00-01.byfm5.mongodb.net:27017', tagSet=TagSet{[Tag{name='availabilityZone', value='aps1-az3'}, Tag{name='diskState', value='READY'}, Tag{name='nodeType', value='ELECTABLE'}, Tag{name='provider', value='AWS'}, Tag{name='region', value='AP_SOUTH_1'}, Tag{name='workloadType', value='OPERATIONAL'}]}, electionId=7fffffff000000000000000f, setVersion=1, topologyVersion=TopologyVersion{processId=66ec2eeab8ef7f11727d33b3, counter=6}, lastWriteDate=Thu Sep 19 21:22:41 IST 2024, lastUpdateTimeNanos=698583911510800}
19-09-24 21:22:41.272 [[33mcluster-ClusterId{value='66ec48c7ba36141c17402192', description='Cluster0'}-cluster0-shard-00-01.byfm5.mongodb.net:27017[0;39m] [34mINFO   [0;39m [32morg.mongodb.driver.cluster[0;39m : Discovered replica set primary cluster0-shard-00-01.byfm5.mongodb.net:27017 with max election id 7fffffff000000000000000f and max set version 1
19-09-24 21:22:42.476 [[33mmain[0;39m] [34mINFO   [0;39m [32mo.s.s.c.a.a.c.InitializeUserDetailsBeanManagerConfigurer$InitializeUserDetailsManagerConfigurer[0;39m : Global AuthenticationManager configured with UserDetailsService bean with name userDetailsServiceImpl
19-09-24 21:22:43.569 [[33mmain[0;39m] [34mINFO   [0;39m [32morg.apache.coyote.http11.Http11NioProtocol[0;39m : Starting ProtocolHandler ["http-nio-9611"]
19-09-24 21:22:43.590 [[33mmain[0;39m] [34mINFO   [0;39m [32mo.s.boot.web.embedded.tomcat.TomcatWebServer[0;39m : Tomcat started on port 9611 (http) with context path '/dev'
19-09-24 21:22:43.613 [[33mmain[0;39m] [34mINFO   [0;39m [32mnet.ghj.journalApp.JournalAppApplication[0;39m : Started JournalAppApplication in 11.965 seconds (process running for 13.703)
19-09-24 21:22:43.618 [[33mmain[0;39m] [34mINFO   [0;39m [32mnet.ghj.journalApp.JournalAppApplication[0;39m : Application Started on [dev]
19-09-24 21:23:12.190 [[33mcluster-ClusterId{value='66ec48c7ba36141c17402192', description='Cluster0'}-cluster0-shard-00-00.byfm5.mongodb.net:27017[0;39m] [34mINFO   [0;39m [32morg.mongodb.driver.cluster[0;39m : Monitor thread successfully connected to server with description ServerDescription{address=cluster0-shard-00-00.byfm5.mongodb.net:27017, type=REPLICA_SET_SECONDARY, state=CONNECTED, ok=true, minWireVersion=0, maxWireVersion=21, maxDocumentSize=16777216, logicalSessionTimeoutMinutes=30, roundTripTimeNanos=170070300, setName='atlas-mcsf57-shard-0', canonicalAddress=cluster0-shard-00-00.byfm5.mongodb.net:27017, hosts=[cluster0-shard-00-02.byfm5.mongodb.net:27017, cluster0-shard-00-00.byfm5.mongodb.net:27017, cluster0-shard-00-01.byfm5.mongodb.net:27017], passives=[], arbiters=[], primary='cluster0-shard-00-01.byfm5.mongodb.net:27017', tagSet=TagSet{[Tag{name='availabilityZone', value='aps1-az1'}, Tag{name='diskState', value='READY'}, Tag{name='nodeType', value='ELECTABLE'}, Tag{name='provider', value='AWS'}, Tag{name='region', value='AP_SOUTH_1'}, Tag{name='workloadType', value='OPERATIONAL'}]}, electionId=null, setVersion=1, topologyVersion=TopologyVersion{processId=66ec2dc218cfff14657bbb70, counter=4}, lastWriteDate=Thu Sep 19 21:23:12 IST 2024, lastUpdateTimeNanos=698614837556200}
19-09-24 21:23:12.200 [[33mcluster-ClusterId{value='66ec48c7ba36141c17402192', description='Cluster0'}-cluster0-shard-00-02.byfm5.mongodb.net:27017[0;39m] [34mINFO   [0;39m [32morg.mongodb.driver.cluster[0;39m : Monitor thread successfully connected to server with description ServerDescription{address=cluster0-shard-00-02.byfm5.mongodb.net:27017, type=REPLICA_SET_SECONDARY, state=CONNECTED, ok=true, minWireVersion=0, maxWireVersion=21, maxDocumentSize=16777216, logicalSessionTimeoutMinutes=30, roundTripTimeNanos=153001100, setName='atlas-mcsf57-shard-0', canonicalAddress=cluster0-shard-00-02.byfm5.mongodb.net:27017, hosts=[cluster0-shard-00-02.byfm5.mongodb.net:27017, cluster0-shard-00-00.byfm5.mongodb.net:27017, cluster0-shard-00-01.byfm5.mongodb.net:27017], passives=[], arbiters=[], primary='cluster0-shard-00-01.byfm5.mongodb.net:27017', tagSet=TagSet{[Tag{name='availabilityZone', value='aps1-az2'}, Tag{name='diskState', value='READY'}, Tag{name='nodeType', value='ELECTABLE'}, Tag{name='provider', value='AWS'}, Tag{name='region', value='AP_SOUTH_1'}, Tag{name='workloadType', value='OPERATIONAL'}]}, electionId=null, setVersion=1, topologyVersion=TopologyVersion{processId=66ec305bb2d865ca4e3378cf, counter=3}, lastWriteDate=Thu Sep 19 21:23:12 IST 2024, lastUpdateTimeNanos=698614848141100}
19-09-24 21:24:27.111 [[33mhttp-nio-9611-exec-1[0;39m] [34mINFO   [0;39m [32mo.a.c.c.C.[Tomcat].[localhost].[/dev][0;39m : Initializing Spring DispatcherServlet 'dispatcherServlet'
19-09-24 21:24:27.112 [[33mhttp-nio-9611-exec-1[0;39m] [34mINFO   [0;39m [32mo.s.web.servlet.DispatcherServlet[0;39m : Initializing Servlet 'dispatcherServlet'
19-09-24 21:24:27.115 [[33mhttp-nio-9611-exec-1[0;39m] [34mINFO   [0;39m [32mo.s.web.servlet.DispatcherServlet[0;39m : Completed initialization in 3 ms
19-09-24 21:25:18.151 [[33mhttp-nio-9611-exec-4[0;39m] [1;31mERROR  [0;39m [32mo.a.c.c.C.[.[.[/dev].[dispatcherServlet][0;39m : Servlet.service() for servlet [dispatcherServlet] in context with path [/dev] threw exception
io.jsonwebtoken.ExpiredJwtException: JWT expired 2874681147 milliseconds ago at 2024-08-17T09:23:57.000Z. Current time: 2024-09-19T15:55:18.147Z. Allowed clock skew: 0 milliseconds.
	at io.jsonwebtoken.impl.DefaultJwtParser.parse(DefaultJwtParser.java:682)
	at io.jsonwebtoken.impl.DefaultJwtParser.parse(DefaultJwtParser.java:362)
	at io.jsonwebtoken.impl.DefaultJwtParser.parse(DefaultJwtParser.java:94)
	at io.jsonwebtoken.impl.io.AbstractParser.parse(AbstractParser.java:36)
	at io.jsonwebtoken.impl.io.AbstractParser.parse(AbstractParser.java:29)
	at io.jsonwebtoken.impl.DefaultJwtParser.parseSignedClaims(DefaultJwtParser.java:821)
	at net.ghj.journalApp.utils.JwtUtil.extractAllClaims(JwtUtil.java:35)
	at net.ghj.journalApp.utils.JwtUtil.extractUsername(JwtUtil.java:23)
	at net.ghj.journalApp.filter.JwtFilter.doFilterInternal(JwtFilter.java:35)
	at org.springframework.web.filter.OncePerRequestFilter.doFilter(OncePerRequestFilter.java:116)
	at org.springframework.security.web.FilterChainProxy$VirtualFilterChain.doFilter(FilterChainProxy.java:374)
	at org.springframework.security.web.authentication.logout.LogoutFilter.doFilter(LogoutFilter.java:107)
	at org.springframework.security.web.authentication.logout.LogoutFilter.doFilter(LogoutFilter.java:93)
	at org.springframework.security.web.FilterChainProxy$VirtualFilterChain.doFilter(FilterChainProxy.java:374)
	at org.springframework.security.web.header.HeaderWriterFilter.doHeadersAfter(HeaderWriterFilter.java:90)
	at org.springframework.security.web.header.HeaderWriterFilter.doFilterInternal(HeaderWriterFilter.java:75)
	at org.springframework.web.filter.OncePerRequestFilter.doFilter(OncePerRequestFilter.java:116)
	at org.springframework.security.web.FilterChainProxy$VirtualFilterChain.doFilter(FilterChainProxy.java:374)
	at org.springframework.security.web.context.SecurityContextHolderFilter.doFilter(SecurityContextHolderFilter.java:82)
	at org.springframework.security.web.context.SecurityContextHolderFilter.doFilter(SecurityContextHolderFilter.java:69)
	at org.springframework.security.web.FilterChainProxy$VirtualFilterChain.doFilter(FilterChainProxy.java:374)
	at org.springframework.security.web.context.request.async.WebAsyncManagerIntegrationFilter.doFilterInternal(WebAsyncManagerIntegrationFilter.java:62)
	at org.springframework.web.filter.OncePerRequestFilter.doFilter(OncePerRequestFilter.java:116)
	at org.springframework.security.web.FilterChainProxy$VirtualFilterChain.doFilter(FilterChainProxy.java:374)
	at org.springframework.security.web.session.DisableEncodeUrlFilter.doFilterInternal(DisableEncodeUrlFilter.java:42)
	at org.springframework.web.filter.OncePerRequestFilter.doFilter(OncePerRequestFilter.java:116)
	at org.springframework.security.web.FilterChainProxy$VirtualFilterChain.doFilter(FilterChainProxy.java:374)
	at org.springframework.security.web.FilterChainProxy.doFilterInternal(FilterChainProxy.java:233)
	at org.springframework.security.web.FilterChainProxy.doFilter(FilterChainProxy.java:191)
	at org.springframework.web.filter.CompositeFilter$VirtualFilterChain.doFilter(CompositeFilter.java:113)
	at org.springframework.web.servlet.handler.HandlerMappingIntrospector.lambda$createCacheFilter$3(HandlerMappingIntrospector.java:195)
	at org.springframework.web.filter.CompositeFilter$VirtualFilterChain.doFilter(CompositeFilter.java:113)
	at org.springframework.web.filter.CompositeFilter.doFilter(CompositeFilter.java:74)
	at org.springframework.security.config.annotation.web.configuration.WebMvcSecurityConfiguration$CompositeFilterChainProxy.doFilter(WebMvcSecurityConfiguration.java:230)
	at org.springframework.web.filter.DelegatingFilterProxy.invokeDelegate(DelegatingFilterProxy.java:352)
	at org.springframework.web.filter.DelegatingFilterProxy.doFilter(DelegatingFilterProxy.java:268)
	at org.apache.catalina.core.ApplicationFilterChain.internalDoFilter(ApplicationFilterChain.java:164)
	at org.apache.catalina.core.ApplicationFilterChain.doFilter(ApplicationFilterChain.java:140)
	at org.springframework.web.filter.RequestContextFilter.doFilterInternal(RequestContextFilter.java:100)
	at org.springframework.web.filter.OncePerRequestFilter.doFilter(OncePerRequestFilter.java:116)
	at org.apache.catalina.core.ApplicationFilterChain.internalDoFilter(ApplicationFilterChain.java:164)
	at org.apache.catalina.core.ApplicationFilterChain.doFilter(ApplicationFilterChain.java:140)
	at org.springframework.web.filter.FormContentFilter.doFilterInternal(FormContentFilter.java:93)
	at org.springframework.web.filter.OncePerRequestFilter.doFilter(OncePerRequestFilter.java:116)
	at org.apache.catalina.core.ApplicationFilterChain.internalDoFilter(ApplicationFilterChain.java:164)
	at org.apache.catalina.core.ApplicationFilterChain.doFilter(ApplicationFilterChain.java:140)
	at org.springframework.web.filter.CharacterEncodingFilter.doFilterInternal(CharacterEncodingFilter.java:201)
	at org.springframework.web.filter.OncePerRequestFilter.doFilter(OncePerRequestFilter.java:116)
	at org.apache.catalina.core.ApplicationFilterChain.internalDoFilter(ApplicationFilterChain.java:164)
	at org.apache.catalina.core.ApplicationFilterChain.doFilter(ApplicationFilterChain.java:140)
	at org.apache.catalina.core.StandardWrapperValve.invoke(StandardWrapperValve.java:167)
	at org.apache.catalina.core.StandardContextValve.invoke(StandardContextValve.java:90)
	at org.apache.catalina.authenticator.AuthenticatorBase.invoke(AuthenticatorBase.java:483)
	at org.apache.catalina.core.StandardHostValve.invoke(StandardHostValve.java:115)
	at org.apache.catalina.valves.ErrorReportValve.invoke(ErrorReportValve.java:93)
	at org.apache.catalina.core.StandardEngineValve.invoke(StandardEngineValve.java:74)
	at org.apache.catalina.connector.CoyoteAdapter.service(CoyoteAdapter.java:344)
	at org.apache.coyote.http11.Http11Processor.service(Http11Processor.java:384)
	at org.apache.coyote.AbstractProcessorLight.process(AbstractProcessorLight.java:63)
	at org.apache.coyote.AbstractProtocol$ConnectionHandler.process(AbstractProtocol.java:904)
	at org.apache.tomcat.util.net.NioEndpoint$SocketProcessor.doRun(NioEndpoint.java:1741)
	at org.apache.tomcat.util.net.SocketProcessorBase.run(SocketProcessorBase.java:52)
	at org.apache.tomcat.util.threads.ThreadPoolExecutor.runWorker(ThreadPoolExecutor.java:1190)
	at org.apache.tomcat.util.threads.ThreadPoolExecutor$Worker.run(ThreadPoolExecutor.java:659)
	at org.apache.tomcat.util.threads.TaskThread$WrappingRunnable.run(TaskThread.java:63)
	at java.base/java.lang.Thread.run(Thread.java:1570)
